{
    "/Users/dariofreire/MyDir/projs/decouplejs/src/main.ts": {
        "path": "/Users/dariofreire/MyDir/projs/decouplejs/src/main.ts",
        "statementMap": {
            "0": {
                "start": {
                    "line": 2,
                    "column": 0
                },
                "end": {
                    "line": 2,
                    "column": 62
                }
            },
            "1": {
                "start": {
                    "line": 5,
                    "column": 8
                },
                "end": {
                    "line": 5,
                    "column": 28
                }
            },
            "2": {
                "start": {
                    "line": 6,
                    "column": 8
                },
                "end": {
                    "line": 6,
                    "column": 27
                }
            },
            "3": {
                "start": {
                    "line": 9,
                    "column": 8
                },
                "end": {
                    "line": 11,
                    "column": 9
                }
            },
            "4": {
                "start": {
                    "line": 10,
                    "column": 12
                },
                "end": {
                    "line": 10,
                    "column": 41
                }
            },
            "5": {
                "start": {
                    "line": 13,
                    "column": 8
                },
                "end": {
                    "line": 15,
                    "column": 9
                }
            },
            "6": {
                "start": {
                    "line": 14,
                    "column": 12
                },
                "end": {
                    "line": 14,
                    "column": 63
                }
            },
            "7": {
                "start": {
                    "line": 16,
                    "column": 8
                },
                "end": {
                    "line": 16,
                    "column": 55
                }
            },
            "8": {
                "start": {
                    "line": 17,
                    "column": 8
                },
                "end": {
                    "line": 17,
                    "column": 26
                }
            },
            "9": {
                "start": {
                    "line": 20,
                    "column": 8
                },
                "end": {
                    "line": 20,
                    "column": 51
                }
            },
            "10": {
                "start": {
                    "line": 23,
                    "column": 8
                },
                "end": {
                    "line": 26,
                    "column": 9
                }
            },
            "11": {
                "start": {
                    "line": 24,
                    "column": 29
                },
                "end": {
                    "line": 24,
                    "column": 64
                }
            },
            "12": {
                "start": {
                    "line": 25,
                    "column": 12
                },
                "end": {
                    "line": 25,
                    "column": 30
                }
            },
            "13": {
                "start": {
                    "line": 29,
                    "column": 8
                },
                "end": {
                    "line": 34,
                    "column": 9
                }
            },
            "14": {
                "start": {
                    "line": 30,
                    "column": 12
                },
                "end": {
                    "line": 30,
                    "column": 48
                }
            },
            "15": {
                "start": {
                    "line": 33,
                    "column": 12
                },
                "end": {
                    "line": 33,
                    "column": 79
                }
            },
            "16": {
                "start": {
                    "line": 37,
                    "column": 25
                },
                "end": {
                    "line": 37,
                    "column": 49
                }
            },
            "17": {
                "start": {
                    "line": 38,
                    "column": 8
                },
                "end": {
                    "line": 38,
                    "column": 33
                }
            },
            "18": {
                "start": {
                    "line": 41,
                    "column": 0
                },
                "end": {
                    "line": 41,
                    "column": 28
                }
            }
        },
        "fnMap": {
            "0": {
                "name": "(anonymous_0)",
                "decl": {
                    "start": {
                        "line": 4,
                        "column": 4
                    },
                    "end": {
                        "line": 4,
                        "column": 5
                    }
                },
                "loc": {
                    "start": {
                        "line": 4,
                        "column": 18
                    },
                    "end": {
                        "line": 7,
                        "column": 5
                    }
                },
                "line": 4
            },
            "1": {
                "name": "(anonymous_1)",
                "decl": {
                    "start": {
                        "line": 8,
                        "column": 4
                    },
                    "end": {
                        "line": 8,
                        "column": 5
                    }
                },
                "loc": {
                    "start": {
                        "line": 8,
                        "column": 26
                    },
                    "end": {
                        "line": 18,
                        "column": 5
                    }
                },
                "line": 8
            },
            "2": {
                "name": "(anonymous_2)",
                "decl": {
                    "start": {
                        "line": 19,
                        "column": 4
                    },
                    "end": {
                        "line": 19,
                        "column": 5
                    }
                },
                "loc": {
                    "start": {
                        "line": 19,
                        "column": 29
                    },
                    "end": {
                        "line": 21,
                        "column": 5
                    }
                },
                "line": 19
            },
            "3": {
                "name": "(anonymous_3)",
                "decl": {
                    "start": {
                        "line": 22,
                        "column": 4
                    },
                    "end": {
                        "line": 22,
                        "column": 5
                    }
                },
                "loc": {
                    "start": {
                        "line": 22,
                        "column": 27
                    },
                    "end": {
                        "line": 27,
                        "column": 5
                    }
                },
                "line": 22
            },
            "4": {
                "name": "(anonymous_4)",
                "decl": {
                    "start": {
                        "line": 28,
                        "column": 4
                    },
                    "end": {
                        "line": 28,
                        "column": 5
                    }
                },
                "loc": {
                    "start": {
                        "line": 28,
                        "column": 32
                    },
                    "end": {
                        "line": 35,
                        "column": 5
                    }
                },
                "line": 28
            },
            "5": {
                "name": "(anonymous_5)",
                "decl": {
                    "start": {
                        "line": 36,
                        "column": 4
                    },
                    "end": {
                        "line": 36,
                        "column": 5
                    }
                },
                "loc": {
                    "start": {
                        "line": 36,
                        "column": 32
                    },
                    "end": {
                        "line": 39,
                        "column": 5
                    }
                },
                "line": 36
            }
        },
        "branchMap": {
            "0": {
                "loc": {
                    "start": {
                        "line": 9,
                        "column": 8
                    },
                    "end": {
                        "line": 11,
                        "column": 9
                    }
                },
                "type": "if",
                "locations": [{
                    "start": {
                        "line": 9,
                        "column": 8
                    },
                    "end": {
                        "line": 11,
                        "column": 9
                    }
                }, {
                    "start": {
                        "line": 9,
                        "column": 8
                    },
                    "end": {
                        "line": 11,
                        "column": 9
                    }
                }],
                "line": 9
            },
            "1": {
                "loc": {
                    "start": {
                        "line": 13,
                        "column": 15
                    },
                    "end": {
                        "line": 13,
                        "column": 80
                    }
                },
                "type": "binary-expr",
                "locations": [{
                    "start": {
                        "line": 13,
                        "column": 15
                    },
                    "end": {
                        "line": 13,
                        "column": 33
                    }
                }, {
                    "start": {
                        "line": 13,
                        "column": 37
                    },
                    "end": {
                        "line": 13,
                        "column": 80
                    }
                }],
                "line": 13
            },
            "2": {
                "loc": {
                    "start": {
                        "line": 29,
                        "column": 8
                    },
                    "end": {
                        "line": 34,
                        "column": 9
                    }
                },
                "type": "if",
                "locations": [{
                    "start": {
                        "line": 29,
                        "column": 8
                    },
                    "end": {
                        "line": 34,
                        "column": 9
                    }
                }, {
                    "start": {
                        "line": 29,
                        "column": 8
                    },
                    "end": {
                        "line": 34,
                        "column": 9
                    }
                }],
                "line": 29
            }
        },
        "s": {
            "0": 1,
            "1": 12,
            "2": 12,
            "3": 19,
            "4": 11,
            "5": 19,
            "6": 19,
            "7": 19,
            "8": 19,
            "9": 1,
            "10": 5,
            "11": 9,
            "12": 9,
            "13": 11,
            "14": 10,
            "15": 1,
            "16": 4,
            "17": 4,
            "18": 1
        },
        "f": {
            "0": 12,
            "1": 19,
            "2": 1,
            "3": 5,
            "4": 11,
            "5": 4
        },
        "b": {
            "0": [11, 8],
            "1": [38, 19],
            "2": [10, 1]
        },
        "_coverageSchema": "332fd63041d2c1bcb487cc26dd0d5f7d97098a6c",
        "hash": "7f1f277a66070a8b354720ee59f69a34dd1c5fd2"
    }
}