TN:
SF:/Users/dariofreire/MyDir/projs/decouplejs/src/main.ts
FN:4,(anonymous_0)
FN:8,(anonymous_1)
FN:19,(anonymous_2)
FN:22,(anonymous_3)
FN:28,(anonymous_4)
FN:36,(anonymous_5)
FNF:6
FNH:6
FNDA:12,(anonymous_0)
FNDA:19,(anonymous_1)
FNDA:1,(anonymous_2)
FNDA:5,(anonymous_3)
FNDA:11,(anonymous_4)
FNDA:4,(anonymous_5)
DA:2,1
DA:5,12
DA:6,12
DA:9,19
DA:10,11
DA:13,19
DA:14,19
DA:16,19
DA:17,19
DA:20,1
DA:23,5
DA:24,9
DA:25,9
DA:29,11
DA:30,10
DA:33,1
DA:37,4
DA:38,4
DA:41,1
LF:19
LH:19
BRDA:9,0,0,11
BRDA:9,0,1,8
BRDA:13,1,0,38
BRDA:13,1,1,19
BRDA:29,2,0,10
BRDA:29,2,1,1
BRF:6
BRH:6
end_of_record
